    1.92357     4.37652
  -0.214119     5.94943
   -3.63791     4.80281
    2.19862     0.04059
   -4.35858     4.48693
   -6.82558    -1.18784
    4.46166    0.130504
    1.25288    -6.55991
    2.23119     3.38403
  -0.801664    -8.37667
   -4.22265    -2.35266
   -3.34577     -5.1946
   -1.56479     5.74478
    2.41558    0.365456
    -2.0672     3.96182
   -3.38702      5.2317
   -3.41485    -3.01946
     2.8471    -3.24365
    1.47861     2.87887
    3.28704    -4.54616
  -0.238398    -3.07929
    2.44747     2.46543
    5.21577    -2.46138
    1.19338    -0.83831
   -3.89791    -0.01885
   -1.78371   -0.203195
   -10.4558    -2.10018
    3.82198     4.92717
  -0.282939   -0.426537
    5.85414    -3.10561
   -6.01418    0.647383
     3.9509     2.51378
   0.552454     2.70043
  -0.359075   -0.689304
   -4.65891    -2.18167
   0.426095      3.7472
   -5.30249    -4.29143
   -2.14359    0.848727
    1.13533     2.31047
   -1.99936   -0.946847
  -0.461983    -2.45029
    1.10645     2.21404
    -5.5135    0.222999
   -2.54438     1.16358
  -0.442876   0.0259852
   -2.28899     5.09475
  0.0934209     1.03452
  -0.582418     3.73284
   0.527926     5.10299
    4.70991    0.193141
    1.53003    0.608376
    1.66742     1.30941
    1.45005    -3.38829
   -7.54103   -0.435517
    -3.2871     2.99138
    3.80966    -4.45393
   -5.46147   -0.816781
    5.26732     2.19432
  -0.944141 -0.00409941
    3.60966     6.78622
  -0.551217    -2.26001
    1.64268    -1.17054
  -0.874151    -1.21881
    3.29868     4.85347
    7.04845    -2.56666
    2.41635     2.32543
   0.384702    -4.11619
   -10.0795    0.644037
   -1.15815     1.24291
   -1.81019    0.188228
   -1.09739    -1.91707
   -2.21587    0.684963
    5.35603     1.24232
   -2.81585     3.75376
   -10.0085    -5.04534
   -1.52921     1.60272
    3.21222    -2.16391
    1.36619     1.05406
 -0.0210761    -1.87171
  -0.907321    -2.98926
   -4.98835     5.84254
    5.78624     4.54844
    -1.1897    0.632222
    5.42397    0.769328
    1.82073    -5.63859
   0.156073   -0.550758
   -1.35836    -5.20541
   0.205779   -0.616315
    7.05289    -1.50886
    1.75715    -6.40566
   -5.47462    -7.83053
 -0.0158662     1.80682
 -0.0659273     1.09605
    -2.4293    -1.61446
  -0.149164    -1.64829
   -2.83508     6.83966
    9.20658   -0.258466
    -6.5291   -0.300578
    1.23234    -5.92175
   -3.10799     1.18509
   0.515294      1.5601
   -1.53108    -1.83644
  -0.819865     2.98719
    4.41318    -9.43933
    2.99348    -3.93562
     2.5279    0.909136
   -2.28255   -0.118698
   -3.35807     4.29309
    3.13223    0.441687
   -1.28429    -3.00453
     3.7588      5.7599
  -0.565628     10.4044
  -0.341032     1.75958
    1.63397    -1.55051
    3.97624     3.03475
   -7.34644    -9.50161
    -5.0517     2.26198
    4.60056   -0.587488
    1.44557   -0.576817
   -3.54467    -1.24184
     2.1102     2.53837
   0.784336     3.50824
   -7.94259 -0.00371528
    3.53768     1.38647
    1.06438    -5.62679
   -1.91113     4.21254
  -0.138232     1.02132
   -1.05276    -4.01913
    5.51736    -7.23242
    1.15746     3.37307
   -2.94541     3.21369
   -0.63868     1.78324
    -1.9575    -2.13552
   -1.92947    -2.77521
    4.13108   -0.490108
   -1.07016     1.39931
    1.61355   0.0615937
    -2.1296    -1.00833
    3.58041    -2.80514
    -1.3404     3.50281
     3.5182     1.77035
   -3.61837     1.02021
   -4.18777    -1.03345
   -2.84932    -7.01141
   -2.84972   -0.194734
    6.70109     -2.4008
   0.516838      4.4508
  0.0264461    -3.73715
   -6.57085     2.28719
    8.78342    -4.55015
    5.59266     4.17127
  -0.967939    -2.47836
    3.09908     3.93415
   -3.71416    -2.60202
   -2.09884     7.21768
   -1.52853     -1.5759
    1.89986    0.171574
    2.23366   -0.408854
   -7.14976    -4.85207
  -0.881122    -2.83941
    2.78935     4.09083
   -4.84664     5.92324
   -1.03938     2.94448
   -2.70172     3.49082
    1.67347     -2.5589
  -0.335347    0.735666
   -2.13588  -0.0173338
   -2.39383     1.07335
  -0.718791    0.600628
   0.645148     4.51439
    2.82565    -2.67184
    -4.6767   -0.591844
   -2.58204    -5.57168
    3.82125    -1.51653
    7.57253    0.471569
   -4.58007    -9.67326
    1.96762     1.28871
   -1.50668     5.38072
   -6.24548     0.20045
    -1.9927     1.61183
    1.24944     1.87097
    1.00718     -3.3337
  -0.961369     2.13498
   -3.94409    -1.37653
   -1.97966    -0.95327
    5.02579      1.7639
   -1.18833   -0.741192
    7.62124     0.93683
   0.418788     3.74115
   0.573356     1.25394
   -3.48709   -0.388072
   -2.50323    -7.46365
  -0.106198  -0.0797972
   -1.23357    -2.15586
    1.01206     3.39597
    4.74932      5.3933
   0.787029    -5.41833
    4.81649     2.20134
    1.63938     1.14975
    2.33964    -0.87681
  -0.637231    -4.08627
    2.90334     4.62117
    1.41066     2.37034
    -5.8992    -1.71635
     1.3391     4.46167
    1.93983   -0.242862
    7.22658     1.94883
      3.969      6.0021
    10.0228    -1.06595
    3.49148    -2.92388
   -1.42074    -2.76524
   -1.79401    0.168196
     3.3586     6.19582
  -0.252411      1.9493
   -6.52084      3.9341
    5.36251    -2.62431
    1.25996    -2.81011
    2.13839     2.06302
   -1.66297    -1.14876
    3.47481     1.49076
    1.71594    -1.94247
   0.226425   -0.989186
     2.5003    0.356393
   -5.69063    -3.48209
   0.398706    -2.69222
    1.72161    -3.09394
   -2.08714    -5.84443
    1.66878     -4.7353
    1.91069   -0.853586
   -2.07826    -1.49138
     5.8261    0.469081
   -7.31592    -2.31888
    2.67949     3.69457
     1.7116    -4.15602
  -0.138518     -1.9486
   -8.96353     1.52934
   -3.21801    -1.19403
   -4.93524     1.84654
   -1.11734    -7.59816
   0.284444     2.67863
     2.1732    -6.56618
  -0.342057     2.08117
    3.23696    0.710593
    4.37218 0.000411034
   -1.67097    0.795455
    5.36491    -2.04291
    8.20154    0.447946
    -3.0732    -2.64002
   -1.30021     2.92551
  -0.607687     -5.9726
    1.53071     1.16581
   -2.36396     4.02524
    2.04613    -3.90222
    4.74403      1.8882
   -4.46369     1.57692
   0.220852     1.52899
    1.17728    -6.67345
   -1.49161   -0.314781
    3.57052   -0.965625
    4.91983   -0.809953
    4.03539     2.04798
     1.6587    -1.69711
    4.79904    -1.28252
   -1.43504    0.113187
   -2.58461     6.03143
   -4.85974    -2.37865
   0.143101    -3.75857
     1.8934    -2.55956
    2.23605   -0.701809
 -0.0826616    0.564354
     4.1479    -3.44634
     4.6039    -3.39519
    3.61123     3.29944
    2.31945     3.06728
   -4.41136     6.32037
    1.09169     1.23338
   -6.16872     2.47944
    -7.4678    -1.55092
   0.731658     3.44102
    6.99698    -2.95406
    2.04395    -2.41551
   -2.24187     1.10916
   -2.72273     1.83659
   -1.61607   -0.778608
   -2.38061    0.820457
  -0.940323   -0.780207
    1.63975    -4.63413
   -2.88809     1.21402
  -0.323018     6.85272
    5.05811  -0.0863088
    1.44023     3.43878
    -3.1725     1.49389
    -4.9783     2.36623
   -1.77929     1.83228
  -0.915396    0.374187
   0.982874   -0.318027
     5.8953     3.19043
    6.02824     1.25245
   -2.58788     1.20625
   -5.37356   -0.446646
    -3.6271    -7.71628
   0.561089    0.512533
    1.90218     0.13913
   -1.38178    -1.22007
    3.97738     1.73741
   -3.99239     2.44351
   -5.29546    -6.16671
   -1.03391    -2.06575
    4.09436    -2.77684
    1.56059     7.31303
    1.40998    -3.11567
  -0.357983     2.59935
    5.38451     4.52164
   -2.11871    -1.42167
   -3.11143     5.56914
     6.5918    0.285762
    3.69053     3.46179
    2.30833     -4.6776
   -3.51393     3.34999
   0.202202     6.23409
    1.15714     4.08608
   -6.11145    -7.11201
   -1.66286     2.94826
  -0.248221    -1.25418
0.000581682    -2.20921
   -4.26451     1.74128
   -1.02004    -7.75917
    2.31056    -3.77859
   -2.90078      7.4076
   0.774262    -1.99097
    1.51218    0.104402
    6.99861    -1.18489
   0.601092    -3.79349
  -0.252636    -6.62025
    0.58347    -5.02623
   -2.04446       4.372
   -5.98235    0.905033
  -0.578329    -5.65376
   -2.19632     1.74235
   -1.50334     1.58415
    2.05145     2.99536
    2.12923     5.69108
    5.58538   -0.984917
  -0.176424     7.21425
  -0.289616     -3.2417
   -2.39443    -4.46319
    2.34172     1.11334
    1.79112      4.5192
    2.81923   -0.776097
   -2.34338    -1.15159
     4.1881    -3.84528
    7.38748     2.17468
    0.70637    -4.80796
   -4.93001      1.7593
    5.57358     1.50898
   0.593935       1.114
  -0.316358    -4.10883
    -1.7686     2.25361
    2.26619     4.88604
   -1.47005     1.04813
   -2.57647    0.915618
  -0.656316    -1.97962
  -0.238367     3.34173
   0.508862    -3.87792
   -1.68974   -0.272504
    1.47351   -0.684874
     7.3444     4.91289
   -3.77682     3.78459
   0.894514     2.52957
   -5.40655    -2.65425
   -3.53853      -0.709
    3.12551    -5.52453
     1.1234     4.93301
   -2.77361     2.47899
    3.72809    0.352197
   -3.87435    -1.43599
    -3.3161     2.58801
   -9.16252   0.0369732
    1.73232   0.0361995
   -2.86218    -2.74741
    1.56722     1.94887
   -7.71629     1.76212
    3.78534      2.7081
    2.49497   -0.426323
   -1.02566    -1.71099
    3.96031    -1.12694
   -2.79987     2.29331
   0.789091      6.8148
  -0.966712    -3.06734
   -3.29344     2.10367
    4.25133     2.54918
   -1.08642    -1.20054
    4.15905     1.99271
   -4.56896     3.40791
    1.29661     -4.7125
   -9.07688  -0.0926429
  -0.712011      4.5796
 -0.0791158    -0.31552
   -2.31305     -2.6561
    1.26451     1.24128
  -0.719366    -6.04155
   -3.63764    -2.58093
  -0.411183    -1.58102
     2.3303     2.84975
    1.00006    -2.25686
 -0.0746608    -3.40037
   -5.50002    -3.84962
    1.67309    -2.20581
   -5.19251    -5.40758
    2.37007    -1.63121
    4.11638     3.96901
   -4.56192     5.02382
    4.91616    0.241572
    1.79411    -2.13202
  -0.942672     2.25704
    1.78321      1.8557
    1.10091    -1.06309
   -0.69574    -2.29274
  -0.788001     5.79996
    5.36749    -5.49082
   -1.32499     4.31955
    1.85562   -0.531464
  -0.750604     2.48753
  0.0443884     4.50099
   -1.68371   -0.729322
  -0.422421     3.93809
    1.56044    -8.84852
    3.71499   0.0223963
   -1.62539     1.02137
   -5.02045     4.19006
   -1.50359    -0.83945
    1.41875   -0.414757
    3.45768   -0.844914
    2.40104     1.13977
   -5.47429    -6.01352
    2.35667   -0.261352
    2.62338    -3.50238
   -2.74731     4.44591
    2.39447   0.0524631
    -4.3922    -4.51367
   -1.60939    -2.16188
   -1.36174    0.264324
    3.21538    -6.76273
    5.08485    -1.02011
   -6.50822     1.00823
    2.02519    -0.16131
    4.00771    0.714371
   -1.07576    -3.20866
   -4.36964     1.36694
   0.446059    -3.79771
   -7.05415    -1.48968
   -4.63153     3.13013
  -0.715525    -1.28957
   -7.04103   -0.719114
   -9.59358     1.30183
    3.65904     1.41639
   -3.30703   -0.800671
     1.0051     3.28885
   -1.06256     1.70795
    4.41414    0.057724
   -6.58646     5.16629
 -0.0418328     -3.2471
    2.89319    0.274987
    -4.3751     5.92835
    1.06804   -0.218755
    4.91889   -0.345866
    1.09023    0.140788
   -5.54948    -4.99041
   -3.23574      4.1553
    6.52166    -5.57139
    2.87549     1.09442
    4.04115    -2.04209
    3.64484    -4.35968
     1.0927   -0.127107
 -0.0903866     2.90291
   -1.69797   -0.892162
    1.20095     1.47104
    6.95266    -1.76442
   0.287001   -0.272177
   -0.36084    -1.25749
    1.16651     2.20866
  -0.929985      2.4425
   -3.36574     4.60414
  0.0519386     4.72121
   -1.66961     3.83374
    0.71143   -0.725129
   -1.17915     5.06841
   -2.29665    -1.20962
     2.7792    -2.49544
   -4.20122      0.6649
  -0.411548      -5.502
    1.59228    -0.81061
     2.0764     2.69463
    4.97408    -3.19964
   -1.46318    -2.49614
    3.06729    0.690675
   -0.49201     -1.4142
    2.79387     3.24978
    6.71697    -2.98893
    2.23444    -5.10636

12.4532
11.1607

-0.172517 -0.985007
-0.985007  0.172517
